<?xml version="1.0" encoding="UTF-8"?>
<!-- Generated by org.testng.reporters.JUnitReportReporter -->
<testsuite skipped="0" hostname="Admin" name="com.gojek.testcases.SuccessCredit" tests="6" failures="0" timestamp="2019-10-14T20:15:00 IST" time="16.259" errors="0">
  <testcase name="mainPage" time="0.305" classname="com.gojek.testcases.SuccessCredit"/>
  <testcase name="shoppingCart" time="3.388" classname="com.gojek.testcases.SuccessCredit"/>
  <testcase name="orderSummary" time="0.261" classname="com.gojek.testcases.SuccessCredit"/>
  <testcase name="cardPayment" time="0.325" classname="com.gojek.testcases.SuccessCredit"/>
  <testcase name="cardDetails" time="5.880" classname="com.gojek.testcases.SuccessCredit"/>
  <testcase name="transactionCompleted" time="6.100" classname="com.gojek.testcases.SuccessCredit"/>
</testsuite> <!-- com.gojek.testcases.SuccessCredit -->
