<?xml version="1.0" encoding="UTF-8"?>
<!-- Generated by org.testng.reporters.JUnitReportReporter -->
<testsuite hostname="Admin" failures="0" tests="4" name="com.gojek.testcases.HomePage" time="4.195" errors="0" timestamp="2019-10-13T19:06:26 IST" skipped="0">
  <testcase classname="com.gojek.testcases.HomePage" name="mainPage" time="0.250"/>
  <testcase classname="com.gojek.testcases.HomePage" name="shoppingCart" time="3.348"/>
  <testcase classname="com.gojek.testcases.HomePage" name="orderSummary" time="0.266"/>
  <testcase classname="com.gojek.testcases.HomePage" name="cardPayment" time="0.331"/>
</testsuite> <!-- com.gojek.testcases.HomePage -->
